0 info it worked if it ends with ok
1 verbose cli [ 'node', '/usr/local/bin/npm', 'install', 'formidable' ]
2 info using npm@3.7.3
3 info using node@v0.10.25
4 verbose node symlink /usr/bin/node
5 silly loadCurrentTree Starting
6 silly install loadCurrentTree
7 silly install readLocalPackageData
8 silly fetchPackageMetaData formidable@^1.0.17
9 silly fetchNamedPackageData formidable
10 silly mapToRegistry name formidable
11 silly mapToRegistry using default registry
12 silly mapToRegistry registry https://registry.npmjs.org/
13 silly mapToRegistry uri https://registry.npmjs.org/formidable
14 verbose get https://registry.npmjs.org/formidable not expired, no request
15 silly install normalizeTree
16 silly loadCurrentTree Finishing
17 silly loadIdealTree Starting
18 silly install loadIdealTree
19 silly cloneCurrentTree Starting
20 silly install cloneCurrentTreeToIdealTree
21 silly cloneCurrentTree Finishing
22 silly loadShrinkwrap Starting
23 silly install loadShrinkwrap
24 silly loadShrinkwrap Finishing
25 silly loadAllDepsIntoIdealTree Starting
26 silly install loadAllDepsIntoIdealTree
27 silly resolveWithNewModule formidable@1.0.17 checking installable status
28 silly cache add args [ 'formidable@^1.0.17', null ]
29 verbose cache add spec formidable@^1.0.17
30 silly cache add parsed spec { raw: 'formidable@^1.0.17',
30 silly cache add   scope: null,
30 silly cache add   name: 'formidable',
30 silly cache add   rawSpec: '^1.0.17',
30 silly cache add   spec: '>=1.0.17 <2.0.0',
30 silly cache add   type: 'range' }
31 silly addNamed formidable@>=1.0.17 <2.0.0
32 verbose addNamed ">=1.0.17 <2.0.0" is a valid semver range for formidable
33 silly addNameRange { name: 'formidable', range: '>=1.0.17 <2.0.0', hasData: false }
34 silly mapToRegistry name formidable
35 silly mapToRegistry using default registry
36 silly mapToRegistry registry https://registry.npmjs.org/
37 silly mapToRegistry uri https://registry.npmjs.org/formidable
38 verbose addNameRange registry:https://registry.npmjs.org/formidable not in flight; fetching
39 verbose get https://registry.npmjs.org/formidable not expired, no request
40 silly addNameRange number 2 { name: 'formidable', range: '>=1.0.17 <2.0.0', hasData: true }
41 silly addNameRange versions [ 'formidable',
41 silly addNameRange   [ '0.3.0',
41 silly addNameRange     '0.4.0',
41 silly addNameRange     '0.5.0',
41 silly addNameRange     '0.6.0',
41 silly addNameRange     '0.7.0',
41 silly addNameRange     '0.8.0',
41 silly addNameRange     '0.9.0',
41 silly addNameRange     '0.9.1',
41 silly addNameRange     '0.9.2',
41 silly addNameRange     '0.9.3',
41 silly addNameRange     '0.9.4',
41 silly addNameRange     '0.9.5',
41 silly addNameRange     '0.9.6',
41 silly addNameRange     '0.9.7',
41 silly addNameRange     '0.9.8',
41 silly addNameRange     '0.9.9',
41 silly addNameRange     '0.9.10',
41 silly addNameRange     '0.9.11',
41 silly addNameRange     '1.0.0',
41 silly addNameRange     '1.0.1',
41 silly addNameRange     '1.0.2',
41 silly addNameRange     '1.0.3',
41 silly addNameRange     '1.0.4',
41 silly addNameRange     '1.0.5',
41 silly addNameRange     '1.0.6',
41 silly addNameRange     '1.0.7',
41 silly addNameRange     '1.0.8',
41 silly addNameRange     '1.0.9',
41 silly addNameRange     '1.0.10',
41 silly addNameRange     '1.0.11',
41 silly addNameRange     '1.0.12',
41 silly addNameRange     '1.0.13',
41 silly addNameRange     '1.0.14',
41 silly addNameRange     '1.0.15',
41 silly addNameRange     '1.0.16',
41 silly addNameRange     '1.0.17' ] ]
42 silly addNamed formidable@1.0.17
43 verbose addNamed "1.0.17" is a plain semver version for formidable
44 silly cache afterAdd formidable@1.0.17
45 verbose afterAdd /home/shinchan/.npm/formidable/1.0.17/package/package.json not in flight; writing
46 verbose correctMkdir /home/shinchan/.npm correctMkdir not in flight; initializing
47 verbose afterAdd /home/shinchan/.npm/formidable/1.0.17/package/package.json written
48 silly loadAllDepsIntoIdealTree Finishing
49 silly idealTree:prePrune s3lab@1.0.0
49 silly idealTree:prePrune └── formidable@1.0.17
50 silly loadIdealTree Finishing
51 silly currentTree s3lab@1.0.0
51 silly currentTree └── formidable@1.0.17
52 silly idealTree s3lab@1.0.0
52 silly idealTree └── formidable@1.0.17
53 silly generateActionsToTake Starting
54 silly install generateActionsToTake
55 silly rollbackFailedOptional Starting
56 silly rollbackFailedOptional Finishing
57 silly runTopLevelLifecycles Starting
58 silly runTopLevelLifecycles Finishing
59 silly install printInstalled
60 verbose stack Error: /home/shinchan/S3Lab/Express/node_modules/formidable: Appears to be a git repo or submodule.
60 verbose stack     at /usr/local/lib/node_modules/npm/node_modules/npm-install-checks/index.js:137:15
60 verbose stack     at Object.oncomplete (fs.js:107:15)
61 verbose cwd /home/shinchan/S3Lab/Express
62 error Linux 3.19.0-26-generic
63 error argv "node" "/usr/local/bin/npm" "install" "formidable"
64 error node v0.10.25
65 error npm  v3.7.3
66 error path /home/shinchan/S3Lab/Express/node_modules/formidable
67 error code EISGIT
68 error git /home/shinchan/S3Lab/Express/node_modules/formidable: Appears to be a git repo or submodule.
69 error git /home/shinchan/S3Lab/Express/node_modules/formidable
70 error git Refusing to remove it. Update manually,
70 error git or move it out of the way first.
71 verbose exit [ 1, true ]
