0 info it worked if it ends with ok
1 verbose cli [ 'node', '/usr/local/bin/npm', 'install', 'formidable' ]
2 info using npm@3.7.3
3 info using node@v0.10.25
4 verbose node symlink /usr/bin/node
5 silly loadCurrentTree Starting
6 silly install loadCurrentTree
7 silly install readLocalPackageData
8 silly fetchPackageMetaData formidable@^1.0.17
9 silly fetchNamedPackageData formidable
10 silly mapToRegistry name formidable
11 silly mapToRegistry using default registry
12 silly mapToRegistry registry https://registry.npmjs.org/
13 silly mapToRegistry uri https://registry.npmjs.org/formidable
14 verbose request uri https://registry.npmjs.org/formidable
15 verbose request no auth needed
16 info attempt registry request try #1 at 10:29:28
17 verbose request id 883d90fd5551b667
18 verbose etag "96C4PWCSS145K47TNCS6WP5AG"
19 http request GET https://registry.npmjs.org/formidable
20 http 200 https://registry.npmjs.org/formidable
21 verbose headers { server: 'CouchDB/1.5.0 (Erlang OTP/R16B03)',
21 verbose headers   etag: '"830O5M24DXMV4UC3Q52C8WBXP"',
21 verbose headers   'content-type': 'application/json',
21 verbose headers   'content-encoding': 'gzip',
21 verbose headers   'cache-control': 'max-age=300',
21 verbose headers   'content-length': '10129',
21 verbose headers   'accept-ranges': 'bytes',
21 verbose headers   date: 'Thu, 16 Jun 2016 14:29:28 GMT',
21 verbose headers   via: '1.1 varnish',
21 verbose headers   age: '245',
21 verbose headers   connection: 'keep-alive',
21 verbose headers   'x-served-by': 'cache-iad2142-IAD',
21 verbose headers   'x-cache': 'HIT',
21 verbose headers   'x-cache-hits': '2',
21 verbose headers   'x-timer': 'S1466087368.970475,VS0,VE0',
21 verbose headers   vary: 'Accept-Encoding' }
22 silly get cb [ 200,
22 silly get   { server: 'CouchDB/1.5.0 (Erlang OTP/R16B03)',
22 silly get     etag: '"830O5M24DXMV4UC3Q52C8WBXP"',
22 silly get     'content-type': 'application/json',
22 silly get     'content-encoding': 'gzip',
22 silly get     'cache-control': 'max-age=300',
22 silly get     'content-length': '10129',
22 silly get     'accept-ranges': 'bytes',
22 silly get     date: 'Thu, 16 Jun 2016 14:29:28 GMT',
22 silly get     via: '1.1 varnish',
22 silly get     age: '245',
22 silly get     connection: 'keep-alive',
22 silly get     'x-served-by': 'cache-iad2142-IAD',
22 silly get     'x-cache': 'HIT',
22 silly get     'x-cache-hits': '2',
22 silly get     'x-timer': 'S1466087368.970475,VS0,VE0',
22 silly get     vary: 'Accept-Encoding' } ]
23 verbose get saving formidable to /home/shinchan/.npm/registry.npmjs.org/formidable/.cache.json
24 verbose correctMkdir /home/shinchan/.npm correctMkdir not in flight; initializing
25 silly install normalizeTree
26 silly loadCurrentTree Finishing
27 silly loadIdealTree Starting
28 silly install loadIdealTree
29 silly cloneCurrentTree Starting
30 silly install cloneCurrentTreeToIdealTree
31 silly cloneCurrentTree Finishing
32 silly loadShrinkwrap Starting
33 silly install loadShrinkwrap
34 silly loadShrinkwrap Finishing
35 silly loadAllDepsIntoIdealTree Starting
36 silly install loadAllDepsIntoIdealTree
37 silly resolveWithNewModule formidable@1.0.17 checking installable status
38 silly cache add args [ 'formidable@^1.0.17', null ]
39 verbose cache add spec formidable@^1.0.17
40 silly cache add parsed spec { raw: 'formidable@^1.0.17',
40 silly cache add   scope: null,
40 silly cache add   name: 'formidable',
40 silly cache add   rawSpec: '^1.0.17',
40 silly cache add   spec: '>=1.0.17 <2.0.0',
40 silly cache add   type: 'range' }
41 silly addNamed formidable@>=1.0.17 <2.0.0
42 verbose addNamed ">=1.0.17 <2.0.0" is a valid semver range for formidable
43 silly addNameRange { name: 'formidable', range: '>=1.0.17 <2.0.0', hasData: false }
44 silly mapToRegistry name formidable
45 silly mapToRegistry using default registry
46 silly mapToRegistry registry https://registry.npmjs.org/
47 silly mapToRegistry uri https://registry.npmjs.org/formidable
48 verbose addNameRange registry:https://registry.npmjs.org/formidable not in flight; fetching
49 verbose get https://registry.npmjs.org/formidable not expired, no request
50 silly addNameRange number 2 { name: 'formidable', range: '>=1.0.17 <2.0.0', hasData: true }
51 silly addNameRange versions [ 'formidable',
51 silly addNameRange   [ '0.3.0',
51 silly addNameRange     '0.4.0',
51 silly addNameRange     '0.5.0',
51 silly addNameRange     '0.6.0',
51 silly addNameRange     '0.7.0',
51 silly addNameRange     '0.8.0',
51 silly addNameRange     '0.9.0',
51 silly addNameRange     '0.9.1',
51 silly addNameRange     '0.9.2',
51 silly addNameRange     '0.9.3',
51 silly addNameRange     '0.9.4',
51 silly addNameRange     '0.9.5',
51 silly addNameRange     '0.9.6',
51 silly addNameRange     '0.9.7',
51 silly addNameRange     '0.9.8',
51 silly addNameRange     '0.9.9',
51 silly addNameRange     '0.9.10',
51 silly addNameRange     '0.9.11',
51 silly addNameRange     '1.0.0',
51 silly addNameRange     '1.0.1',
51 silly addNameRange     '1.0.2',
51 silly addNameRange     '1.0.3',
51 silly addNameRange     '1.0.4',
51 silly addNameRange     '1.0.5',
51 silly addNameRange     '1.0.6',
51 silly addNameRange     '1.0.7',
51 silly addNameRange     '1.0.8',
51 silly addNameRange     '1.0.9',
51 silly addNameRange     '1.0.10',
51 silly addNameRange     '1.0.11',
51 silly addNameRange     '1.0.12',
51 silly addNameRange     '1.0.13',
51 silly addNameRange     '1.0.14',
51 silly addNameRange     '1.0.15',
51 silly addNameRange     '1.0.16',
51 silly addNameRange     '1.0.17' ] ]
52 silly addNamed formidable@1.0.17
53 verbose addNamed "1.0.17" is a plain semver version for formidable
54 silly cache afterAdd formidable@1.0.17
55 verbose afterAdd /home/shinchan/.npm/formidable/1.0.17/package/package.json not in flight; writing
56 verbose correctMkdir /home/shinchan/.npm correctMkdir not in flight; initializing
57 verbose afterAdd /home/shinchan/.npm/formidable/1.0.17/package/package.json written
58 silly loadAllDepsIntoIdealTree Finishing
59 silly idealTree:prePrune s3lab@1.0.0
59 silly idealTree:prePrune └── formidable@1.0.17
60 silly loadIdealTree Finishing
61 silly currentTree s3lab@1.0.0
61 silly currentTree └── formidable@1.0.17
62 silly idealTree s3lab@1.0.0
62 silly idealTree └── formidable@1.0.17
63 silly generateActionsToTake Starting
64 silly install generateActionsToTake
65 silly rollbackFailedOptional Starting
66 silly rollbackFailedOptional Finishing
67 silly runTopLevelLifecycles Starting
68 silly runTopLevelLifecycles Finishing
69 silly install printInstalled
70 verbose stack Error: /home/shinchan/S3Lab/node_modules/formidable: Appears to be a git repo or submodule.
70 verbose stack     at /usr/local/lib/node_modules/npm/node_modules/npm-install-checks/index.js:137:15
70 verbose stack     at Object.oncomplete (fs.js:107:15)
71 verbose cwd /home/shinchan/S3Lab
72 error Linux 3.19.0-26-generic
73 error argv "node" "/usr/local/bin/npm" "install" "formidable"
74 error node v0.10.25
75 error npm  v3.7.3
76 error path /home/shinchan/S3Lab/node_modules/formidable
77 error code EISGIT
78 error git /home/shinchan/S3Lab/node_modules/formidable: Appears to be a git repo or submodule.
79 error git /home/shinchan/S3Lab/node_modules/formidable
80 error git Refusing to remove it. Update manually,
80 error git or move it out of the way first.
81 verbose exit [ 1, true ]
